<?xml version="1.0" encoding="UTF-8"?>
<testsuite xmlns:xsi="http://www.w3.org/2001/XMLSchema-instance" xsi:noNamespaceSchemaLocation="https://maven.apache.org/surefire/maven-surefire-plugin/xsd/surefire-test-report-3.0.xsd" version="3.0" name="br.com.fiap.postech.techchallenge.application.service.AddonServiceTest" time="1.815" tests="5" errors="0" skipped="0" failures="0">
  <properties>
[...]
</properties>
  <testcase name="create" classname="br.com.fiap.postech.techchallenge.application.service.AddonServiceTest" time="1.645"/>
  <testcase name="update" classname="br.com.fiap.postech.techchallenge.application.service.AddonServiceTest" time="0.01"/>
  <testcase name="deleteByIdWhenIdNotExists" classname="br.com.fiap.postech.techchallenge.application.service.AddonServiceTest" time="0.007"/>
  <testcase name="findAllByProductCategory" classname="br.com.fiap.postech.techchallenge.application.service.AddonServiceTest" time="0.011"/>
  <testcase name="deleteById" classname="br.com.fiap.postech.techchallenge.application.service.AddonServiceTest" time="0.008"/>
</testsuite>